Determining if the function sgemm_ exists failed with the following output:
Change Dir: /home/user/data/git/SLAMBook2_Codes/ch6/build/CMakeFiles/CMakeTmp

Run Build Command(s):/usr/bin/make cmTC_1dc7f/fast && /usr/bin/make -f CMakeFiles/cmTC_1dc7f.dir/build.make CMakeFiles/cmTC_1dc7f.dir/build
make[1]: Entering directory '/home/user/data/git/SLAMBook2_Codes/ch6/build/CMakeFiles/CMakeTmp'
Building C object CMakeFiles/cmTC_1dc7f.dir/CheckFunctionExists.c.o
/usr/bin/cc   -DCHECK_FUNCTION_EXISTS=sgemm_   -o CMakeFiles/cmTC_1dc7f.dir/CheckFunctionExists.c.o   -c /usr/share/cmake-3.16/Modules/CheckFunctionExists.c
Linking C executable cmTC_1dc7f
/usr/bin/cmake -E cmake_link_script CMakeFiles/cmTC_1dc7f.dir/link.txt --verbose=1
/usr/bin/cc  -DCHECK_FUNCTION_EXISTS=sgemm_    -rdynamic CMakeFiles/cmTC_1dc7f.dir/CheckFunctionExists.c.o  -o cmTC_1dc7f 
/usr/bin/ld: CMakeFiles/cmTC_1dc7f.dir/CheckFunctionExists.c.o: in function `main':
CheckFunctionExists.c:(.text+0x14): undefined reference to `sgemm_'
collect2: error: ld returned 1 exit status
make[1]: *** [CMakeFiles/cmTC_1dc7f.dir/build.make:87: cmTC_1dc7f] Error 1
make[1]: Leaving directory '/home/user/data/git/SLAMBook2_Codes/ch6/build/CMakeFiles/CMakeTmp'
make: *** [Makefile:121: cmTC_1dc7f/fast] Error 2



Performing C SOURCE FILE Test CMAKE_HAVE_LIBC_PTHREAD failed with the following output:
Change Dir: /home/user/data/git/SLAMBook2_Codes/ch6/build/CMakeFiles/CMakeTmp

Run Build Command(s):/usr/bin/make cmTC_eb661/fast && /usr/bin/make -f CMakeFiles/cmTC_eb661.dir/build.make CMakeFiles/cmTC_eb661.dir/build
make[1]: Entering directory '/home/user/data/git/SLAMBook2_Codes/ch6/build/CMakeFiles/CMakeTmp'
Building C object CMakeFiles/cmTC_eb661.dir/src.c.o
/usr/bin/cc   -DCMAKE_HAVE_LIBC_PTHREAD   -o CMakeFiles/cmTC_eb661.dir/src.c.o   -c /home/user/data/git/SLAMBook2_Codes/ch6/build/CMakeFiles/CMakeTmp/src.c
Linking C executable cmTC_eb661
/usr/bin/cmake -E cmake_link_script CMakeFiles/cmTC_eb661.dir/link.txt --verbose=1
/usr/bin/cc  -DCMAKE_HAVE_LIBC_PTHREAD    -rdynamic CMakeFiles/cmTC_eb661.dir/src.c.o  -o cmTC_eb661 
/usr/bin/ld: CMakeFiles/cmTC_eb661.dir/src.c.o: in function `main':
src.c:(.text+0x46): undefined reference to `pthread_create'
/usr/bin/ld: src.c:(.text+0x52): undefined reference to `pthread_detach'
/usr/bin/ld: src.c:(.text+0x63): undefined reference to `pthread_join'
collect2: error: ld returned 1 exit status
make[1]: *** [CMakeFiles/cmTC_eb661.dir/build.make:87: cmTC_eb661] Error 1
make[1]: Leaving directory '/home/user/data/git/SLAMBook2_Codes/ch6/build/CMakeFiles/CMakeTmp'
make: *** [Makefile:121: cmTC_eb661/fast] Error 2


Source file was:
#include <pthread.h>

void* test_func(void* data)
{
  return data;
}

int main(void)
{
  pthread_t thread;
  pthread_create(&thread, NULL, test_func, NULL);
  pthread_detach(thread);
  pthread_join(thread, NULL);
  pthread_atfork(NULL, NULL, NULL);
  pthread_exit(NULL);

  return 0;
}

Determining if the function pthread_create exists in the pthreads failed with the following output:
Change Dir: /home/user/data/git/SLAMBook2_Codes/ch6/build/CMakeFiles/CMakeTmp

Run Build Command(s):/usr/bin/make cmTC_b2e24/fast && /usr/bin/make -f CMakeFiles/cmTC_b2e24.dir/build.make CMakeFiles/cmTC_b2e24.dir/build
make[1]: Entering directory '/home/user/data/git/SLAMBook2_Codes/ch6/build/CMakeFiles/CMakeTmp'
Building C object CMakeFiles/cmTC_b2e24.dir/CheckFunctionExists.c.o
/usr/bin/cc   -DCHECK_FUNCTION_EXISTS=pthread_create   -o CMakeFiles/cmTC_b2e24.dir/CheckFunctionExists.c.o   -c /usr/share/cmake-3.16/Modules/CheckFunctionExists.c
Linking C executable cmTC_b2e24
/usr/bin/cmake -E cmake_link_script CMakeFiles/cmTC_b2e24.dir/link.txt --verbose=1
/usr/bin/cc  -DCHECK_FUNCTION_EXISTS=pthread_create    -rdynamic CMakeFiles/cmTC_b2e24.dir/CheckFunctionExists.c.o  -o cmTC_b2e24  -lpthreads 
/usr/bin/ld: cannot find -lpthreads
collect2: error: ld returned 1 exit status
make[1]: *** [CMakeFiles/cmTC_b2e24.dir/build.make:87: cmTC_b2e24] Error 1
make[1]: Leaving directory '/home/user/data/git/SLAMBook2_Codes/ch6/build/CMakeFiles/CMakeTmp'
make: *** [Makefile:121: cmTC_b2e24/fast] Error 2



Determining if the function cheev_ exists failed with the following output:
Change Dir: /home/user/data/git/SLAMBook2_Codes/ch6/build/CMakeFiles/CMakeTmp

Run Build Command(s):/usr/bin/make cmTC_a9226/fast && /usr/bin/make -f CMakeFiles/cmTC_a9226.dir/build.make CMakeFiles/cmTC_a9226.dir/build
make[1]: Entering directory '/home/user/data/git/SLAMBook2_Codes/ch6/build/CMakeFiles/CMakeTmp'
Building C object CMakeFiles/cmTC_a9226.dir/CheckFunctionExists.c.o
/usr/bin/cc   -DCHECK_FUNCTION_EXISTS=cheev_   -o CMakeFiles/cmTC_a9226.dir/CheckFunctionExists.c.o   -c /usr/share/cmake-3.16/Modules/CheckFunctionExists.c
Linking C executable cmTC_a9226
/usr/bin/cmake -E cmake_link_script CMakeFiles/cmTC_a9226.dir/link.txt --verbose=1
/usr/bin/cc  -DCHECK_FUNCTION_EXISTS=cheev_    -rdynamic CMakeFiles/cmTC_a9226.dir/CheckFunctionExists.c.o  -o cmTC_a9226  /usr/lib/x86_64-linux-gnu/libf77blas.so /usr/lib/x86_64-linux-gnu/libatlas.so 
/usr/bin/ld: CMakeFiles/cmTC_a9226.dir/CheckFunctionExists.c.o: in function `main':
CheckFunctionExists.c:(.text+0x14): undefined reference to `cheev_'
collect2: error: ld returned 1 exit status
make[1]: *** [CMakeFiles/cmTC_a9226.dir/build.make:89: cmTC_a9226] Error 1
make[1]: Leaving directory '/home/user/data/git/SLAMBook2_Codes/ch6/build/CMakeFiles/CMakeTmp'
make: *** [Makefile:121: cmTC_a9226/fast] Error 2



