Performing C SOURCE FILE Test CMAKE_HAVE_LIBC_PTHREAD failed with the following output:
Change Dir: /home/uzi/Data/AllGit/SLAMBook2_Codes/ch5/rgbd/build/CMakeFiles/CMakeTmp

Run Build Command(s):/usr/bin/make -f Makefile cmTC_04578/fast && /usr/bin/make  -f CMakeFiles/cmTC_04578.dir/build.make CMakeFiles/cmTC_04578.dir/build
make[1]: Entering directory '/home/uzi/Data/AllGit/SLAMBook2_Codes/ch5/rgbd/build/CMakeFiles/CMakeTmp'
Building C object CMakeFiles/cmTC_04578.dir/src.c.o
/usr/bin/cc -DCMAKE_HAVE_LIBC_PTHREAD  -Wall   -O3  -o CMakeFiles/cmTC_04578.dir/src.c.o -c /home/uzi/Data/AllGit/SLAMBook2_Codes/ch5/rgbd/build/CMakeFiles/CMakeTmp/src.c
Linking C executable cmTC_04578
/home/uzi/.local/lib/python3.8/site-packages/cmake/data/bin/cmake -E cmake_link_script CMakeFiles/cmTC_04578.dir/link.txt --verbose=1
/usr/bin/cc   -Wall   -O3  -rdynamic CMakeFiles/cmTC_04578.dir/src.c.o -o cmTC_04578 
/usr/bin/ld: CMakeFiles/cmTC_04578.dir/src.c.o: in function `main':
src.c:(.text.startup+0x29): undefined reference to `pthread_create'
/usr/bin/ld: src.c:(.text.startup+0x32): undefined reference to `pthread_detach'
/usr/bin/ld: src.c:(.text.startup+0x3b): undefined reference to `pthread_cancel'
/usr/bin/ld: src.c:(.text.startup+0x46): undefined reference to `pthread_join'
collect2: error: ld returned 1 exit status
make[1]: *** [CMakeFiles/cmTC_04578.dir/build.make:99: cmTC_04578] Error 1
make[1]: Leaving directory '/home/uzi/Data/AllGit/SLAMBook2_Codes/ch5/rgbd/build/CMakeFiles/CMakeTmp'
make: *** [Makefile:127: cmTC_04578/fast] Error 2


Source file was:
#include <pthread.h>

static void* test_func(void* data)
{
  return data;
}

int main(void)
{
  pthread_t thread;
  pthread_create(&thread, NULL, test_func, NULL);
  pthread_detach(thread);
  pthread_cancel(thread);
  pthread_join(thread, NULL);
  pthread_atfork(NULL, NULL, NULL);
  pthread_exit(NULL);

  return 0;
}

Determining if the function pthread_create exists in the pthreads failed with the following output:
Change Dir: /home/uzi/Data/AllGit/SLAMBook2_Codes/ch5/rgbd/build/CMakeFiles/CMakeTmp

Run Build Command(s):/usr/bin/make -f Makefile cmTC_32541/fast && /usr/bin/make  -f CMakeFiles/cmTC_32541.dir/build.make CMakeFiles/cmTC_32541.dir/build
make[1]: Entering directory '/home/uzi/Data/AllGit/SLAMBook2_Codes/ch5/rgbd/build/CMakeFiles/CMakeTmp'
Building C object CMakeFiles/cmTC_32541.dir/CheckFunctionExists.c.o
/usr/bin/cc   -Wall   -O3 -DCHECK_FUNCTION_EXISTS=pthread_create -o CMakeFiles/cmTC_32541.dir/CheckFunctionExists.c.o -c /home/uzi/.local/lib/python3.8/site-packages/cmake/data/share/cmake-3.24/Modules/CheckFunctionExists.c
Linking C executable cmTC_32541
/home/uzi/.local/lib/python3.8/site-packages/cmake/data/bin/cmake -E cmake_link_script CMakeFiles/cmTC_32541.dir/link.txt --verbose=1
/usr/bin/cc   -Wall   -O3 -DCHECK_FUNCTION_EXISTS=pthread_create -rdynamic CMakeFiles/cmTC_32541.dir/CheckFunctionExists.c.o -o cmTC_32541  -lpthreads 
/usr/bin/ld: cannot find -lpthreads
collect2: error: ld returned 1 exit status
make[1]: *** [CMakeFiles/cmTC_32541.dir/build.make:99: cmTC_32541] Error 1
make[1]: Leaving directory '/home/uzi/Data/AllGit/SLAMBook2_Codes/ch5/rgbd/build/CMakeFiles/CMakeTmp'
make: *** [Makefile:127: cmTC_32541/fast] Error 2



